# JRE version: OpenJDK Runtime Environment (11.0.12+7) (build 11.0.12+7-b1504.28-7817840)
# Java VM: OpenJDK 64-Bit Server VM (11.0.12+7-b1504.28-7817840, mixed mode, tiered, compressed oops, g1 gc, windows-amd64)
Heap:
 garbage-first heap   total 199680K, used 83335K [0x0000000080000000, 0x0000000100000000)
  region size 1024K, 3 young (3072K), 3 survivors (3072K)
 Metaspace       used 90498K, capacity 92819K, committed 92928K, reserved 1130496K
  class space    used 11722K, capacity 12541K, committed 12544K, reserved 1048576K
GC Heap History (20 events):
Event: 32.060 GC heap after
{Heap after GC invocations=44 (full 0):
 garbage-first heap   total 114688K, used 64259K [0x0000000080000000, 0x0000000100000000)
  region size 1024K, 4 young (4096K), 4 survivors (4096K)
 Metaspace       used 80360K, capacity 82446K, committed 82560K, reserved 1120256K
  class space    used 10609K, capacity 11372K, committed 11392K, reserved 1048576K
}
Event: 33.315 GC heap before
{Heap before GC invocations=45 (full 0):
 garbage-first heap   total 114688K, used 89859K [0x0000000080000000, 0x0000000100000000)
  region size 1024K, 30 young (30720K), 4 survivors (4096K)
 Metaspace       used 81087K, capacity 83193K, committed 83456K, reserved 1122304K
  class space    used 10684K, capacity 11465K, committed 11520K, reserved 1048576K
}
Event: 33.330 GC heap after
{Heap after GC invocations=46 (full 0):
 garbage-first heap   total 114688K, used 66515K [0x0000000080000000, 0x0000000100000000)
  region size 1024K, 4 young (4096K), 4 survivors (4096K)
 Metaspace       used 81087K, capacity 83193K, committed 83456K, reserved 1122304K
  class space    used 10684K, capacity 11465K, committed 11520K, reserved 1048576K
}
Event: 34.284 GC heap before
{Heap before GC invocations=46 (full 0):
 garbage-first heap   total 114688K, used 92115K [0x0000000080000000, 0x0000000100000000)
  region size 1024K, 30 young (30720K), 4 survivors (4096K)
 Metaspace       used 81365K, capacity 83525K, committed 83712K, reserved 1122304K
  class space    used 10698K, capacity 11506K, committed 11520K, reserved 1048576K
}
Event: 34.300 GC heap after
{Heap after GC invocations=47 (full 0):
 garbage-first heap   total 138240K, used 68440K [0x0000000080000000, 0x0000000100000000)
  region size 1024K, 4 young (4096K), 4 survivors (4096K)
 Metaspace       used 81365K, capacity 83525K, committed 83712K, reserved 1122304K
  class space    used 10698K, capacity 11506K, committed 11520K, reserved 1048576K
}
Event: 35.484 GC heap before
{Heap before GC invocations=48 (full 0):
 garbage-first heap   total 138240K, used 102232K [0x0000000080000000, 0x0000000100000000)
  region size 1024K, 38 young (38912K), 4 survivors (4096K)
 Metaspace       used 81891K, capacity 84058K, committed 84352K, reserved 1122304K
  class space    used 10741K, capacity 11531K, committed 11648K, reserved 1048576K
}
Event: 35.502 GC heap after
{Heap after GC invocations=49 (full 0):
 garbage-first heap   total 138240K, used 71503K [0x0000000080000000, 0x0000000100000000)
  region size 1024K, 5 young (5120K), 5 survivors (5120K)
 Metaspace       used 81891K, capacity 84058K, committed 84352K, reserved 1122304K
  class space    used 10741K, capacity 11531K, committed 11648K, reserved 1048576K
}
Event: 36.520 GC heap before
{Heap before GC invocations=49 (full 0):
 garbage-first heap   total 138240K, used 105295K [0x0000000080000000, 0x0000000100000000)
  region size 1024K, 39 young (39936K), 5 survivors (5120K)
 Metaspace       used 82292K, capacity 84476K, committed 84608K, reserved 1122304K
  class space    used 10767K, capacity 11574K, committed 11648K, reserved 1048576K
}
Event: 36.537 GC heap after
{Heap after GC invocations=50 (full 0):
 garbage-first heap   total 138240K, used 73684K [0x0000000080000000, 0x0000000100000000)
  region size 1024K, 3 young (3072K), 3 survivors (3072K)
 Metaspace       used 82292K, capacity 84476K, committed 84608K, reserved 1122304K
  class space    used 10767K, capacity 11574K, committed 11648K, reserved 1048576K
}
Event: 37.464 GC heap before
{Heap before GC invocations=51 (full 0):
 garbage-first heap   total 138240K, used 107476K [0x0000000080000000, 0x0000000100000000)
  region size 1024K, 37 young (37888K), 3 survivors (3072K)
 Metaspace       used 82422K, capacity 84593K, committed 84864K, reserved 1122304K
  class space    used 10767K, capacity 11563K, committed 11648K, reserved 1048576K
}
Event: 37.477 GC heap after
{Heap after GC invocations=52 (full 0):
 garbage-first heap   total 138240K, used 75563K [0x0000000080000000, 0x0000000100000000)
  region size 1024K, 5 young (5120K), 5 survivors (5120K)
 Metaspace       used 82422K, capacity 84593K, committed 84864K, reserved 1122304K
  class space    used 10767K, capacity 11563K, committed 11648K, reserved 1048576K
}
Event: 38.608 GC heap before
{Heap before GC invocations=52 (full 0):
 garbage-first heap   total 138240K, used 109355K [0x0000000080000000, 0x0000000100000000)
  region size 1024K, 39 young (39936K), 5 survivors (5120K)
 Metaspace       used 82800K, capacity 84955K, committed 85120K, reserved 1122304K
  class space    used 10823K, capacity 11597K, committed 11648K, reserved 1048576K
}
Event: 38.623 GC heap after
{Heap after GC invocations=53 (full 0):
 garbage-first heap   total 165888K, used 77863K [0x0000000080000000, 0x0000000100000000)
  region size 1024K, 5 young (5120K), 5 survivors (5120K)
 Metaspace       used 82800K, capacity 84955K, committed 85120K, reserved 1122304K
  class space    used 10823K, capacity 11597K, committed 11648K, reserved 1048576K
}
Event: 39.352 GC heap before
{Heap before GC invocations=54 (full 0):
 garbage-first heap   total 165888K, used 122919K [0x0000000080000000, 0x0000000100000000)
  region size 1024K, 50 young (51200K), 5 survivors (5120K)
 Metaspace       used 86634K, capacity 88767K, committed 88960K, reserved 1126400K
  class space    used 11276K, capacity 12078K, committed 12160K, reserved 1048576K
}
Event: 39.366 GC heap after
{Heap after GC invocations=55 (full 0):
 garbage-first heap   total 165888K, used 78594K [0x0000000080000000, 0x0000000100000000)
  region size 1024K, 3 young (3072K), 3 survivors (3072K)
 Metaspace       used 86634K, capacity 88767K, committed 88960K, reserved 1126400K
  class space    used 11276K, capacity 12078K, committed 12160K, reserved 1048576K
}
Event: 40.578 GC heap before
{Heap before GC invocations=55 (full 0):
 garbage-first heap   total 165888K, used 112386K [0x0000000080000000, 0x0000000100000000)
  region size 1024K, 37 young (37888K), 3 survivors (3072K)
 Metaspace       used 88765K, capacity 90977K, committed 91264K, reserved 1128448K
  class space    used 11525K, capacity 12336K, committed 12416K, reserved 1048576K
}
Event: 40.600 GC heap after
{Heap after GC invocations=56 (full 0):
 garbage-first heap   total 165888K, used 81700K [0x0000000080000000, 0x0000000100000000)
  region size 1024K, 6 young (6144K), 6 survivors (6144K)
 Metaspace       used 88765K, capacity 90977K, committed 91264K, reserved 1128448K
  class space    used 11525K, capacity 12336K, committed 12416K, reserved 1048576K
}
Event: 41.468 GC heap before
{Heap before GC invocations=57 (full 0):
 garbage-first heap   total 165888K, used 107300K [0x0000000080000000, 0x0000000100000000)
  region size 1024K, 10 young (10240K), 6 survivors (6144K)
 Metaspace       used 89112K, capacity 91351K, committed 91520K, reserved 1128448K
  class space    used 11564K, capacity 12372K, committed 12416K, reserved 1048576K
}
Event: 41.484 GC heap after
{Heap after GC invocations=58 (full 0):
 garbage-first heap   total 165888K, used 82271K [0x0000000080000000, 0x0000000100000000)
  region size 1024K, 4 young (4096K), 4 survivors (4096K)
 Metaspace       used 89112K, capacity 91351K, committed 91520K, reserved 1128448K
  class space    used 11564K, capacity 12372K, committed 12416K, reserved 1048576K
}
Event: 224.197 GC heap before
{Heap before GC invocations=59 (full 0):
 garbage-first heap   total 165888K, used 127327K [0x0000000080000000, 0x0000000100000000)
  region size 1024K, 37 young (37888K), 4 survivors (4096K)
 Metaspace       used 90498K, capacity 92819K, committed 92928K, reserved 1130496K
  class space    used 11722K, capacity 12541K, committed 12544K, reserved 1048576K
}

