# JRE version: OpenJDK Runtime Environment (11.0.12+7) (build 11.0.12+7-b1504.28-7817840)
# Java VM: OpenJDK 64-Bit Server VM (11.0.12+7-b1504.28-7817840, mixed mode, tiered, compressed oops, g1 gc, windows-amd64)
Heap:
 garbage-first heap   total 537600K, used 266433K [0x0000000080000000, 0x0000000100000000)
  region size 1024K, 35 young (35840K), 6 survivors (6144K)
 Metaspace       used 116563K, capacity 119802K, committed 119936K, reserved 1153024K
  class space    used 14870K, capacity 16136K, committed 16256K, reserved 1048576K
GC Heap History (20 events):
Event: 43.780 GC heap before
{Heap before GC invocations=53 (full 0):
 garbage-first heap   total 435200K, used 267927K [0x0000000080000000, 0x0000000100000000)
  region size 1024K, 76 young (77824K), 8 survivors (8192K)
 Metaspace       used 96945K, capacity 99496K, committed 99840K, reserved 1134592K
  class space    used 12742K, capacity 13698K, committed 13824K, reserved 1048576K
}
Event: 43.843 GC heap after
{Heap after GC invocations=54 (full 0):
 garbage-first heap   total 435200K, used 201984K [0x0000000080000000, 0x0000000100000000)
  region size 1024K, 4 young (4096K), 4 survivors (4096K)
 Metaspace       used 96945K, capacity 99496K, committed 99840K, reserved 1134592K
  class space    used 12742K, capacity 13698K, committed 13824K, reserved 1048576K
}
Event: 44.265 GC heap before
{Heap before GC invocations=54 (full 0):
 garbage-first heap   total 435200K, used 217344K [0x0000000080000000, 0x0000000100000000)
  region size 1024K, 20 young (20480K), 4 survivors (4096K)
 Metaspace       used 96949K, capacity 99500K, committed 99840K, reserved 1134592K
  class space    used 12743K, capacity 13699K, committed 13824K, reserved 1048576K
}
Event: 44.300 GC heap after
{Heap after GC invocations=55 (full 0):
 garbage-first heap   total 435200K, used 202546K [0x0000000080000000, 0x0000000100000000)
  region size 1024K, 4 young (4096K), 4 survivors (4096K)
 Metaspace       used 96949K, capacity 99500K, committed 99840K, reserved 1134592K
  class space    used 12743K, capacity 13699K, committed 13824K, reserved 1048576K
}
Event: 46.630 GC heap before
{Heap before GC invocations=56 (full 0):
 garbage-first heap   total 435200K, used 304946K [0x0000000080000000, 0x0000000100000000)
  region size 1024K, 92 young (94208K), 4 survivors (4096K)
 Metaspace       used 98328K, capacity 100965K, committed 101248K, reserved 1136640K
  class space    used 12885K, capacity 13866K, committed 13952K, reserved 1048576K
}
Event: 46.720 GC heap after
{Heap after GC invocations=57 (full 0):
 garbage-first heap   total 537600K, used 227049K [0x0000000080000000, 0x0000000100000000)
  region size 1024K, 12 young (12288K), 12 survivors (12288K)
 Metaspace       used 98328K, capacity 100965K, committed 101248K, reserved 1136640K
  class space    used 12885K, capacity 13866K, committed 13952K, reserved 1048576K
}
Event: 46.805 GC heap before
{Heap before GC invocations=57 (full 0):
 garbage-first heap   total 537600K, used 240361K [0x0000000080000000, 0x0000000100000000)
  region size 1024K, 26 young (26624K), 12 survivors (12288K)
 Metaspace       used 98339K, capacity 100965K, committed 101248K, reserved 1136640K
  class space    used 12885K, capacity 13866K, committed 13952K, reserved 1048576K
}
Event: 46.876 GC heap after
{Heap after GC invocations=58 (full 0):
 garbage-first heap   total 537600K, used 229703K [0x0000000080000000, 0x0000000100000000)
  region size 1024K, 3 young (3072K), 3 survivors (3072K)
 Metaspace       used 98339K, capacity 100965K, committed 101248K, reserved 1136640K
  class space    used 12885K, capacity 13866K, committed 13952K, reserved 1048576K
}
Event: 49.346 GC heap before
{Heap before GC invocations=58 (full 0):
 garbage-first heap   total 537600K, used 356679K [0x0000000080000000, 0x0000000100000000)
  region size 1024K, 115 young (117760K), 3 survivors (3072K)
 Metaspace       used 99221K, capacity 101764K, committed 102016K, reserved 1136640K
  class space    used 12972K, capacity 13935K, committed 13952K, reserved 1048576K
}
Event: 49.392 GC heap after
{Heap after GC invocations=59 (full 0):
 garbage-first heap   total 537600K, used 251484K [0x0000000080000000, 0x0000000100000000)
  region size 1024K, 11 young (11264K), 11 survivors (11264K)
 Metaspace       used 99221K, capacity 101764K, committed 102016K, reserved 1136640K
  class space    used 12972K, capacity 13935K, committed 13952K, reserved 1048576K
}
Event: 50.667 GC heap before
{Heap before GC invocations=59 (full 0):
 garbage-first heap   total 537600K, used 302684K [0x0000000080000000, 0x0000000100000000)
  region size 1024K, 62 young (63488K), 11 survivors (11264K)
 Metaspace       used 99863K, capacity 102490K, committed 102656K, reserved 1138688K
  class space    used 13046K, capacity 14041K, committed 14080K, reserved 1048576K
}
Event: 50.693 GC heap after
{Heap after GC invocations=60 (full 0):
 garbage-first heap   total 537600K, used 252418K [0x0000000080000000, 0x0000000100000000)
  region size 1024K, 2 young (2048K), 2 survivors (2048K)
 Metaspace       used 99863K, capacity 102490K, committed 102656K, reserved 1138688K
  class space    used 13046K, capacity 14041K, committed 14080K, reserved 1048576K
}
Event: 56.866 GC heap before
{Heap before GC invocations=61 (full 0):
 garbage-first heap   total 537600K, used 393730K [0x0000000080000000, 0x0000000100000000)
  region size 1024K, 126 young (129024K), 2 survivors (2048K)
 Metaspace       used 109251K, capacity 112097K, committed 112256K, reserved 1146880K
  class space    used 14114K, capacity 15166K, committed 15232K, reserved 1048576K
}
Event: 56.920 GC heap after
{Heap after GC invocations=62 (full 0):
 garbage-first heap   total 537600K, used 264594K [0x0000000080000000, 0x0000000100000000)
  region size 1024K, 16 young (16384K), 16 survivors (16384K)
 Metaspace       used 109251K, capacity 112097K, committed 112256K, reserved 1146880K
  class space    used 14114K, capacity 15166K, committed 15232K, reserved 1048576K
}
Event: 57.170 GC heap before
{Heap before GC invocations=62 (full 0):
 garbage-first heap   total 537600K, used 274834K [0x0000000080000000, 0x0000000100000000)
  region size 1024K, 26 young (26624K), 16 survivors (16384K)
 Metaspace       used 109395K, capacity 112231K, committed 112512K, reserved 1146880K
  class space    used 14115K, capacity 15166K, committed 15232K, reserved 1048576K
}
Event: 57.242 GC heap after
{Heap after GC invocations=63 (full 0):
 garbage-first heap   total 537600K, used 238760K [0x0000000080000000, 0x0000000100000000)
  region size 1024K, 2 young (2048K), 2 survivors (2048K)
 Metaspace       used 109395K, capacity 112231K, committed 112512K, reserved 1146880K
  class space    used 14115K, capacity 15166K, committed 15232K, reserved 1048576K
}
Event: 58.211 GC heap before
{Heap before GC invocations=63 (full 0):
 garbage-first heap   total 537600K, used 266408K [0x0000000080000000, 0x0000000100000000)
  region size 1024K, 26 young (26624K), 2 survivors (2048K)
 Metaspace       used 110363K, capacity 113203K, committed 113408K, reserved 1146880K
  class space    used 14224K, capacity 15308K, committed 15360K, reserved 1048576K
}
Event: 58.264 GC heap after
{Heap after GC invocations=64 (full 0):
 garbage-first heap   total 537600K, used 231494K [0x0000000080000000, 0x0000000100000000)
  region size 1024K, 3 young (3072K), 3 survivors (3072K)
 Metaspace       used 110363K, capacity 113203K, committed 113408K, reserved 1146880K
  class space    used 14224K, capacity 15308K, committed 15360K, reserved 1048576K
}
Event: 61.601 GC heap before
{Heap before GC invocations=64 (full 0):
 garbage-first heap   total 537600K, used 369734K [0x0000000080000000, 0x0000000100000000)
  region size 1024K, 138 young (141312K), 3 survivors (3072K)
 Metaspace       used 115685K, capacity 118952K, committed 119296K, reserved 1153024K
  class space    used 14773K, capacity 16015K, committed 16128K, reserved 1048576K
}
Event: 61.624 GC heap after
{Heap after GC invocations=65 (full 0):
 garbage-first heap   total 537600K, used 234689K [0x0000000080000000, 0x0000000100000000)
  region size 1024K, 6 young (6144K), 6 survivors (6144K)
 Metaspace       used 115685K, capacity 118952K, committed 119296K, reserved 1153024K
  class space    used 14773K, capacity 16015K, committed 16128K, reserved 1048576K
}

