# JRE version: OpenJDK Runtime Environment (11.0.12+7) (build 11.0.12+7-b1504.28-7817840)
# Java VM: OpenJDK 64-Bit Server VM (11.0.12+7-b1504.28-7817840, mixed mode, tiered, compressed oops, g1 gc, windows-amd64)
Heap:
 garbage-first heap   total 734208K, used 273787K [0x0000000080000000, 0x0000000100000000)
  region size 1024K, 3 young (3072K), 3 survivors (3072K)
 Metaspace       used 136533K, capacity 140186K, committed 140236K, reserved 1171456K
  class space    used 16997K, capacity 18371K, committed 18380K, reserved 1048576K
GC Heap History (20 events):
Event: 2481.575 GC heap after
{Heap after GC invocations=82 (full 0):
 garbage-first heap   total 287744K, used 188798K [0x0000000080000000, 0x0000000100000000)
  region size 1024K, 4 young (4096K), 4 survivors (4096K)
 Metaspace       used 133887K, capacity 137353K, committed 137420K, reserved 1169408K
  class space    used 16739K, capacity 18077K, committed 18124K, reserved 1048576K
}
Event: 2482.348 GC heap before
{Heap before GC invocations=82 (full 0):
 garbage-first heap   total 287744K, used 230782K [0x0000000080000000, 0x0000000100000000)
  region size 1024K, 35 young (35840K), 4 survivors (4096K)
 Metaspace       used 134753K, capacity 138244K, committed 138572K, reserved 1169408K
  class space    used 16834K, capacity 18163K, committed 18252K, reserved 1048576K
}
Event: 2482.370 GC heap after
{Heap after GC invocations=83 (full 0):
 garbage-first heap   total 287744K, used 206658K [0x0000000080000000, 0x0000000100000000)
  region size 1024K, 8 young (8192K), 8 survivors (8192K)
 Metaspace       used 134753K, capacity 138244K, committed 138572K, reserved 1169408K
  class space    used 16834K, capacity 18163K, committed 18252K, reserved 1048576K
}
Event: 2483.671 GC heap before
{Heap before GC invocations=83 (full 0):
 garbage-first heap   total 287744K, used 252738K [0x0000000080000000, 0x0000000100000000)
  region size 1024K, 47 young (48128K), 8 survivors (8192K)
 Metaspace       used 134862K, capacity 138371K, committed 138572K, reserved 1169408K
  class space    used 16826K, capacity 18158K, committed 18252K, reserved 1048576K
}
Event: 2483.760 GC heap after
{Heap after GC invocations=84 (full 0):
 garbage-first heap   total 287744K, used 208996K [0x0000000080000000, 0x0000000100000000)
  region size 1024K, 6 young (6144K), 6 survivors (6144K)
 Metaspace       used 134862K, capacity 138371K, committed 138572K, reserved 1169408K
  class space    used 16826K, capacity 18158K, committed 18252K, reserved 1048576K
}
Event: 2484.368 GC heap before
{Heap before GC invocations=85 (full 0):
 garbage-first heap   total 287744K, used 240740K [0x0000000080000000, 0x0000000100000000)
  region size 1024K, 37 young (37888K), 6 survivors (6144K)
 Metaspace       used 134880K, capacity 138436K, committed 138828K, reserved 1169408K
  class space    used 16827K, capacity 18158K, committed 18252K, reserved 1048576K
}
Event: 2484.423 GC heap after
{Heap after GC invocations=86 (full 0):
 garbage-first heap   total 287744K, used 218019K [0x0000000080000000, 0x0000000100000000)
  region size 1024K, 5 young (5120K), 5 survivors (5120K)
 Metaspace       used 134880K, capacity 138436K, committed 138828K, reserved 1169408K
  class space    used 16827K, capacity 18158K, committed 18252K, reserved 1048576K
}
Event: 2484.501 GC heap before
{Heap before GC invocations=86 (full 0):
 garbage-first heap   total 287744K, used 227235K [0x0000000080000000, 0x0000000100000000)
  region size 1024K, 14 young (14336K), 5 survivors (5120K)
 Metaspace       used 134887K, capacity 138442K, committed 138828K, reserved 1169408K
  class space    used 16827K, capacity 18159K, committed 18252K, reserved 1048576K
}
Event: 2484.559 GC heap after
{Heap after GC invocations=87 (full 0):
 garbage-first heap   total 287744K, used 196268K [0x0000000080000000, 0x0000000100000000)
  region size 1024K, 2 young (2048K), 2 survivors (2048K)
 Metaspace       used 134887K, capacity 138442K, committed 138828K, reserved 1169408K
  class space    used 16827K, capacity 18159K, committed 18252K, reserved 1048576K
}
Event: 2484.896 GC heap before
{Heap before GC invocations=87 (full 0):
 garbage-first heap   total 287744K, used 208556K [0x0000000080000000, 0x0000000100000000)
  region size 1024K, 14 young (14336K), 2 survivors (2048K)
 Metaspace       used 135206K, capacity 138758K, committed 139084K, reserved 1169408K
  class space    used 16865K, capacity 18179K, committed 18252K, reserved 1048576K
}
Event: 2484.953 GC heap after
{Heap after GC invocations=88 (full 0):
 garbage-first heap   total 287744K, used 198053K [0x0000000080000000, 0x0000000100000000)
  region size 1024K, 2 young (2048K), 2 survivors (2048K)
 Metaspace       used 135206K, capacity 138758K, committed 139084K, reserved 1169408K
  class space    used 16865K, capacity 18179K, committed 18252K, reserved 1048576K
}
Event: 2485.433 GC heap before
{Heap before GC invocations=88 (full 0):
 garbage-first heap   total 287744K, used 232869K [0x0000000080000000, 0x0000000100000000)
  region size 1024K, 36 young (36864K), 2 survivors (2048K)
 Metaspace       used 135678K, capacity 139228K, committed 139340K, reserved 1171456K
  class space    used 16902K, capacity 18219K, committed 18252K, reserved 1048576K
}
Event: 2485.506 GC heap after
{Heap after GC invocations=89 (full 0):
 garbage-first heap   total 400384K, used 214375K [0x0000000080000000, 0x0000000100000000)
  region size 1024K, 5 young (5120K), 5 survivors (5120K)
 Metaspace       used 135678K, capacity 139228K, committed 139340K, reserved 1171456K
  class space    used 16902K, capacity 18219K, committed 18252K, reserved 1048576K
}
Event: 2486.406 GC heap before
{Heap before GC invocations=89 (full 0):
 garbage-first heap   total 400384K, used 279911K [0x0000000080000000, 0x0000000100000000)
  region size 1024K, 70 young (71680K), 5 survivors (5120K)
 Metaspace       used 135690K, capacity 139229K, committed 139340K, reserved 1171456K
  class space    used 16902K, capacity 18219K, committed 18252K, reserved 1048576K
}
Event: 2486.585 GC heap after
{Heap after GC invocations=90 (full 0):
 garbage-first heap   total 400384K, used 249344K [0x0000000080000000, 0x0000000100000000)
  region size 1024K, 9 young (9216K), 9 survivors (9216K)
 Metaspace       used 135690K, capacity 139229K, committed 139340K, reserved 1171456K
  class space    used 16902K, capacity 18219K, committed 18252K, reserved 1048576K
}
Event: 2487.932 GC heap before
{Heap before GC invocations=90 (full 0):
 garbage-first heap   total 400384K, used 300544K [0x0000000080000000, 0x0000000100000000)
  region size 1024K, 59 young (60416K), 9 survivors (9216K)
 Metaspace       used 136225K, capacity 139861K, committed 139980K, reserved 1171456K
  class space    used 16974K, capacity 18354K, committed 18380K, reserved 1048576K
}
Event: 2487.999 GC heap after
{Heap after GC invocations=91 (full 0):
 garbage-first heap   total 400384K, used 257300K [0x0000000080000000, 0x0000000100000000)
  region size 1024K, 7 young (7168K), 7 survivors (7168K)
 Metaspace       used 136225K, capacity 139861K, committed 139980K, reserved 1171456K
  class space    used 16974K, capacity 18354K, committed 18380K, reserved 1048576K
}
Event: 2489.222 GC heap before
{Heap before GC invocations=91 (full 0):
 garbage-first heap   total 400384K, used 309524K [0x0000000080000000, 0x0000000100000000)
  region size 1024K, 57 young (58368K), 7 survivors (7168K)
 Metaspace       used 136426K, capacity 140108K, committed 140236K, reserved 1171456K
  class space    used 16990K, capacity 18368K, committed 18380K, reserved 1048576K
}
Event: 2489.274 GC heap after
{Heap after GC invocations=92 (full 0):
 garbage-first heap   total 400384K, used 264010K [0x0000000080000000, 0x0000000100000000)
  region size 1024K, 5 young (5120K), 5 survivors (5120K)
 Metaspace       used 136426K, capacity 140108K, committed 140236K, reserved 1171456K
  class space    used 16990K, capacity 18368K, committed 18380K, reserved 1048576K
}
Event: 2491.216 GC heap before
{Heap before GC invocations=92 (full 0):
 garbage-first heap   total 400384K, used 324426K [0x0000000080000000, 0x0000000100000000)
  region size 1024K, 56 young (57344K), 5 survivors (5120K)
 Metaspace       used 136533K, capacity 140186K, committed 140236K, reserved 1171456K
  class space    used 16997K, capacity 18371K, committed 18380K, reserved 1048576K
}

